# JRE version: Java(TM) SE Runtime Environment (8.0_161-b12) (build 1.8.0_161-b12)
# Java VM: Java HotSpot(TM) 64-Bit Server VM (25.161-b12 mixed mode windows-amd64 compressed oops)
Heap:
 PSYoungGen      total 406528K, used 102787K [0x000000076bf00000, 0x0000000787c80000, 0x00000007c0000000)
  eden space 381952K, 26% used [0x000000076bf00000,0x0000000772360d50,0x0000000783400000)
  from space 24576K, 0% used [0x0000000783400000,0x0000000783400000,0x0000000784c00000)
  to   space 15360K, 0% used [0x0000000784c00000,0x0000000784c00000,0x0000000785b00000)
 ParOldGen       total 161792K, used 21710K [0x00000006c3c00000, 0x00000006cda00000, 0x000000076bf00000)
  object space 161792K, 13% used [0x00000006c3c00000,0x00000006c51339f8,0x00000006cda00000)
 Metaspace       used 64581K, capacity 68336K, committed 68432K, reserved 1107968K
  class space    used 8923K, capacity 9551K, committed 9552K, reserved 1048576K
GC Heap History (10 events):
Event: 2.568 GC heap before
{Heap before GC invocations=6 (full 1):
 PSYoungGen      total 236544K, used 177228K [0x000000076bf00000, 0x000000077cf00000, 0x00000007c0000000)
  eden space 228864K, 74% used [0x000000076bf00000,0x00000007764cf118,0x0000000779e80000)
  from space 7680K, 96% used [0x000000077c780000,0x000000077cec4230,0x000000077cf00000)
  to   space 10752K, 0% used [0x000000077ba00000,0x000000077ba00000,0x000000077c480000)
 ParOldGen       total 83456K, used 4848K [0x00000006c3c00000, 0x00000006c8d80000, 0x000000076bf00000)
  object space 83456K, 5% used [0x00000006c3c00000,0x00000006c40bc010,0x00000006c8d80000)
 Metaspace       used 34143K, capacity 35948K, committed 36048K, reserved 1081344K
  class space    used 4440K, capacity 4765K, committed 4816K, reserved 1048576K
Event: 2.579 GC heap after
Heap after GC invocations=6 (full 1):
 PSYoungGen      total 267776K, used 10740K [0x000000076bf00000, 0x0000000785b00000, 0x00000007c0000000)
  eden space 257024K, 0% used [0x000000076bf00000,0x000000076bf00000,0x000000077ba00000)
  from space 10752K, 99% used [0x000000077ba00000,0x000000077c47d020,0x000000077c480000)
  to   space 15360K, 0% used [0x0000000784c00000,0x0000000784c00000,0x0000000785b00000)
 ParOldGen       total 83456K, used 10310K [0x00000006c3c00000, 0x00000006c8d80000, 0x000000076bf00000)
  object space 83456K, 12% used [0x00000006c3c00000,0x00000006c4611a20,0x00000006c8d80000)
 Metaspace       used 34143K, capacity 35948K, committed 36048K, reserved 1081344K
  class space    used 4440K, capacity 4765K, committed 4816K, reserved 1048576K
}
Event: 2.579 GC heap before
{Heap before GC invocations=7 (full 2):
 PSYoungGen      total 267776K, used 10740K [0x000000076bf00000, 0x0000000785b00000, 0x00000007c0000000)
  eden space 257024K, 0% used [0x000000076bf00000,0x000000076bf00000,0x000000077ba00000)
  from space 10752K, 99% used [0x000000077ba00000,0x000000077c47d020,0x000000077c480000)
  to   space 15360K, 0% used [0x0000000784c00000,0x0000000784c00000,0x0000000785b00000)
 ParOldGen       total 83456K, used 10310K [0x00000006c3c00000, 0x00000006c8d80000, 0x000000076bf00000)
  object space 83456K, 12% used [0x00000006c3c00000,0x00000006c4611a20,0x00000006c8d80000)
 Metaspace       used 34143K, capacity 35948K, committed 36048K, reserved 1081344K
  class space    used 4440K, capacity 4765K, committed 4816K, reserved 1048576K
Event: 2.639 GC heap after
Heap after GC invocations=7 (full 2):
 PSYoungGen      total 267776K, used 0K [0x000000076bf00000, 0x0000000785b00000, 0x00000007c0000000)
  eden space 257024K, 0% used [0x000000076bf00000,0x000000076bf00000,0x000000077ba00000)
  from space 10752K, 0% used [0x000000077ba00000,0x000000077ba00000,0x000000077c480000)
  to   space 15360K, 0% used [0x0000000784c00000,0x0000000784c00000,0x0000000785b00000)
 ParOldGen       total 131584K, used 19898K [0x00000006c3c00000, 0x00000006cbc80000, 0x000000076bf00000)
  object space 131584K, 15% used [0x00000006c3c00000,0x00000006c4f6e880,0x00000006cbc80000)
 Metaspace       used 34143K, capacity 35948K, committed 36048K, reserved 1081344K
  class space    used 4440K, capacity 4765K, committed 4816K, reserved 1048576K
}
Event: 4.647 GC heap before
{Heap before GC invocations=8 (full 2):
 PSYoungGen      total 267776K, used 257024K [0x000000076bf00000, 0x0000000785b00000, 0x00000007c0000000)
  eden space 257024K, 100% used [0x000000076bf00000,0x000000077ba00000,0x000000077ba00000)
  from space 10752K, 0% used [0x000000077ba00000,0x000000077ba00000,0x000000077c480000)
  to   space 15360K, 0% used [0x0000000784c00000,0x0000000784c00000,0x0000000785b00000)
 ParOldGen       total 131584K, used 19898K [0x00000006c3c00000, 0x00000006cbc80000, 0x000000076bf00000)
  object space 131584K, 15% used [0x00000006c3c00000,0x00000006c4f6e880,0x00000006cbc80000)
 Metaspace       used 56561K, capacity 59346K, committed 59600K, reserved 1099776K
  class space    used 7842K, capacity 8318K, committed 8400K, reserved 1048576K
Event: 4.672 GC heap after
Heap after GC invocations=8 (full 2):
 PSYoungGen      total 397312K, used 15343K [0x000000076bf00000, 0x0000000787c80000, 0x00000007c0000000)
  eden space 381952K, 0% used [0x000000076bf00000,0x000000076bf00000,0x0000000783400000)
  from space 15360K, 99% used [0x0000000784c00000,0x0000000785afbe18,0x0000000785b00000)
  to   space 24576K, 0% used [0x0000000783400000,0x0000000783400000,0x0000000784c00000)
 ParOldGen       total 131584K, used 31656K [0x00000006c3c00000, 0x00000006cbc80000, 0x000000076bf00000)
  object space 131584K, 24% used [0x00000006c3c00000,0x00000006c5aea2d0,0x00000006cbc80000)
 Metaspace       used 56561K, capacity 59346K, committed 59600K, reserved 1099776K
  class space    used 7842K, capacity 8318K, committed 8400K, reserved 1048576K
}
Event: 4.725 GC heap before
{Heap before GC invocations=9 (full 2):
 PSYoungGen      total 397312K, used 36124K [0x000000076bf00000, 0x0000000787c80000, 0x00000007c0000000)
  eden space 381952K, 5% used [0x000000076bf00000,0x000000076d34b278,0x0000000783400000)
  from space 15360K, 99% used [0x0000000784c00000,0x0000000785afbe18,0x0000000785b00000)
  to   space 24576K, 0% used [0x0000000783400000,0x0000000783400000,0x0000000784c00000)
 ParOldGen       total 131584K, used 31656K [0x00000006c3c00000, 0x00000006cbc80000, 0x000000076bf00000)
  object space 131584K, 24% used [0x00000006c3c00000,0x00000006c5aea2d0,0x00000006cbc80000)
 Metaspace       used 57214K, capacity 60028K, committed 60080K, reserved 1101824K
  class space    used 7908K, capacity 8393K, committed 8400K, reserved 1048576K
Event: 4.734 GC heap after
Heap after GC invocations=9 (full 2):
 PSYoungGen      total 406528K, used 10137K [0x000000076bf00000, 0x0000000787c80000, 0x00000007c0000000)
  eden space 381952K, 0% used [0x000000076bf00000,0x000000076bf00000,0x0000000783400000)
  from space 24576K, 41% used [0x0000000783400000,0x0000000783de6490,0x0000000784c00000)
  to   space 15360K, 0% used [0x0000000784c00000,0x0000000784c00000,0x0000000785b00000)
 ParOldGen       total 131584K, used 31656K [0x00000006c3c00000, 0x00000006cbc80000, 0x000000076bf00000)
  object space 131584K, 24% used [0x00000006c3c00000,0x00000006c5aea2d0,0x00000006cbc80000)
 Metaspace       used 57214K, capacity 60028K, committed 60080K, reserved 1101824K
  class space    used 7908K, capacity 8393K, committed 8400K, reserved 1048576K
}
Event: 4.734 GC heap before
{Heap before GC invocations=10 (full 3):
 PSYoungGen      total 406528K, used 10137K [0x000000076bf00000, 0x0000000787c80000, 0x00000007c0000000)
  eden space 381952K, 0% used [0x000000076bf00000,0x000000076bf00000,0x0000000783400000)
  from space 24576K, 41% used [0x0000000783400000,0x0000000783de6490,0x0000000784c00000)
  to   space 15360K, 0% used [0x0000000784c00000,0x0000000784c00000,0x0000000785b00000)
 ParOldGen       total 131584K, used 31656K [0x00000006c3c00000, 0x00000006cbc80000, 0x000000076bf00000)
  object space 131584K, 24% used [0x00000006c3c00000,0x00000006c5aea2d0,0x00000006cbc80000)
 Metaspace       used 57214K, capacity 60028K, committed 60080K, reserved 1101824K
  class space    used 7908K, capacity 8393K, committed 8400K, reserved 1048576K
Event: 4.849 GC heap after
Heap after GC invocations=10 (full 3):
 PSYoungGen      total 406528K, used 0K [0x000000076bf00000, 0x0000000787c80000, 0x00000007c0000000)
  eden space 381952K, 0% used [0x000000076bf00000,0x000000076bf00000,0x0000000783400000)
  from space 24576K, 0% used [0x0000000783400000,0x0000000783400000,0x0000000784c00000)
  to   space 15360K, 0% used [0x0000000784c00000,0x0000000784c00000,0x0000000785b00000)
 ParOldGen       total 161792K, used 21710K [0x00000006c3c00000, 0x00000006cda00000, 0x000000076bf00000)
  object space 161792K, 13% used [0x00000006c3c00000,0x00000006c51339f8,0x00000006cda00000)
 Metaspace       used 57214K, capacity 60028K, committed 60080K, reserved 1101824K
  class space    used 7908K, capacity 8393K, committed 8400K, reserved 1048576K
}

